<?xml version="1.0" encoding="UTF-8" ?>
<testsuite errors="0" failures="1" hostname="acer" name="FabioTest" skipped="0" tests="1" time="0.106" timestamp="2016-05-10T14:24:51">
  <properties>
[...]
</properties>
  <testcase classname="FabioTest" name="test" time="0.014">
    <failure message="expected:&lt;pippo[2]&gt; but was:&lt;pippo[]&gt;" type="junit.framework.AssertionFailedError">junit.framework.AssertionFailedError: expected:&lt;pippo[2]&gt; but was:&lt;pippo[]&gt;
	at FabioTest.test(FabioTest.java:52)
</failure>
  </testcase>
  <system-out><![CDATA[]]></system-out>
  <system-err><![CDATA[]]></system-err>
</testsuite>
